<?xml version="1.0" encoding="UTF-8"?>
<!-- Generated by org.testng.reporters.JUnitXMLReporter -->
<testsuite hostname="DESKTOP-36R32J1" ignored="2" name="Test" tests="2" failures="0" timestamp="2022-09-06T13:14:59 IST" time="0.05" errors="0">
  <testcase name="testcase3" time="0.015" classname="orange_hrm.testng2"/>
  <testcase name="testcase4" time="0.0" classname="orange_hrm.testng2"/>
  <testcase name="testcase1" time="0.0" classname="orange_hrm.testng">
    <ignored/>
  </testcase> <!-- testcase1 -->
  <testcase name="atestcase2" time="0.0" classname="orange_hrm.testng">
    <ignored/>
  </testcase> <!-- atestcase2 -->
</testsuite> <!-- Test -->
