<?xml version="1.0" encoding="UTF-8"?>
<testng-results skipped="0" failed="0" ignored="2" total="4" passed="2">
  <reporter-output>
  </reporter-output>
  <suite name="Suite" duration-ms="50" started-at="2022-09-06T13:14:59 IST" finished-at="2022-09-06T13:14:59 IST">
    <groups>
      <group name="regression">
        <method signature="testng2.testcase3()[pri:0, instance:orange_hrm.testng2@704a52ec]" name="testcase3" class="orange_hrm.testng2"/>
        <method signature="testng2.testcase4()[pri:0, instance:orange_hrm.testng2@704a52ec]" name="testcase4" class="orange_hrm.testng2"/>
      </group> <!-- regression -->
    </groups>
    <test name="Test" duration-ms="50" started-at="2022-09-06T13:14:59 IST" finished-at="2022-09-06T13:14:59 IST">
      <class name="orange_hrm.testng2">
        <test-method status="PASS" signature="testcase3()[pri:0, instance:orange_hrm.testng2@704a52ec]" name="testcase3" duration-ms="15" started-at="2022-09-06T13:14:59 IST" finished-at="2022-09-06T13:14:59 IST">
          <reporter-output>
          </reporter-output>
        </test-method> <!-- testcase3 -->
        <test-method status="PASS" signature="testcase4()[pri:0, instance:orange_hrm.testng2@704a52ec]" name="testcase4" duration-ms="0" started-at="2022-09-06T13:14:59 IST" finished-at="2022-09-06T13:14:59 IST">
          <reporter-output>
          </reporter-output>
        </test-method> <!-- testcase4 -->
      </class> <!-- orange_hrm.testng2 -->
    </test> <!-- Test -->
  </suite> <!-- Suite -->
</testng-results>
